<?xml version="1.0" encoding="UTF-8" ?>
<testsuite tests="9" failures="0" name="TestAppender" time="0.958" errors="0" skipped="0">
  <properties>
[...]
</properties>
  <testcase classname="TestAppender" name="testBigMaxSize" time="0.075"/>
  <testcase classname="TestAppender" name="testLoggerWARNEffectOnAppender" time="0.005"/>
  <testcase classname="TestAppender" name="testGetEventStringBig" time="0.019"/>
  <testcase classname="TestAppender" name="testVelocityLayout" time="0.845"/>
  <testcase classname="TestAppender" name="testGetEventStringSmall" time="0.001"/>
  <testcase classname="TestAppender" name="testGetCurrentLogsBig" time="0.011"/>
  <testcase classname="TestAppender" name="testGetCurrentLogsSmall" time="0"/>
  <testcase classname="TestAppender" name="testLoggerTRACEEffectOnAppender" time="0.001"/>
  <testcase classname="TestAppender" name="testAppenderThreshold" time="0.001"/>
</testsuite>